INFO:werkzeug:[31m[1mWARNING: This is a development server. Do not use it in a production deployment. Use a production WSGI server instead.[0m
 * Running on all addresses (0.0.0.0)
 * Running on http://127.0.0.1:5003
 * Running on http://172.18.0.43:5003
INFO:werkzeug:[33mPress CTRL+C to quit[0m
INFO:root:-------Inside scrap one course method----------
INFO:root:Fetching course ---> Snowflake Advanced
INFO:root:invoking course details method
INFO:root:-------Inside course details method----------
INFO:root:Inside second except block in course_details method, refer error message below: 
 'NoneType' object is not subscriptable
INFO:root:course Info retreived
INFO:root:Connected to mongo DB
INFO:root:Disconnected from mongo DB
INFO:root:returning course details to app.py file
ERROR:app:Exception on /course [GET]
Traceback (most recent call last):
  File "/config/.local/lib/python3.8/site-packages/pdfkit/configuration.py", line 35, in __init__
    with open(self.wkhtmltopdf) as f:
FileNotFoundError: [Errno 2] No such file or directory: b''

During handling of the above exception, another exception occurred:

Traceback (most recent call last):
  File "/config/.local/lib/python3.8/site-packages/flask/app.py", line 2525, in wsgi_app
    response = self.full_dispatch_request()
  File "/config/.local/lib/python3.8/site-packages/flask/app.py", line 1822, in full_dispatch_request
    rv = self.handle_user_exception(e)
  File "/config/.local/lib/python3.8/site-packages/flask/app.py", line 1820, in full_dispatch_request
    rv = self.dispatch_request()
  File "/config/.local/lib/python3.8/site-packages/flask/app.py", line 1796, in dispatch_request
    return self.ensure_sync(self.view_functions[rule.endpoint])(**view_args)
  File "app.py", line 49, in fetchCourse
    pdf = pdfkit.from_string(out, options=options, verbose=True)
  File "/config/.local/lib/python3.8/site-packages/pdfkit/api.py", line 72, in from_string
    r = PDFKit(input, 'string', options=options, toc=toc, cover=cover, css=css,
  File "/config/.local/lib/python3.8/site-packages/pdfkit/pdfkit.py", line 45, in __init__
    self.configuration = (Configuration() if configuration is None
  File "/config/.local/lib/python3.8/site-packages/pdfkit/configuration.py", line 38, in __init__
    raise IOError('No wkhtmltopdf executable found: "%s"\n'
OSError: No wkhtmltopdf executable found: "b''"
If this file exists please check that this process can read it or you can pass path to it manually in method call, check README. Otherwise please install wkhtmltopdf - https://github.com/JazzCore/python-pdfkit/wiki/Installing-wkhtmltopdf
INFO:werkzeug:172.18.0.2 - - [15/Feb/2023 13:01:30] "[35m[1mGET /course?coursename=Snowflake%20Advanced HTTP/1.1[0m" 500 -
INFO:werkzeug:[31m[1mWARNING: This is a development server. Do not use it in a production deployment. Use a production WSGI server instead.[0m
 * Running on all addresses (0.0.0.0)
 * Running on http://127.0.0.1:5003
 * Running on http://172.18.0.43:5003
INFO:werkzeug:[33mPress CTRL+C to quit[0m
INFO:root:-------Inside scrap one course method----------
INFO:root:Fetching course ---> Snowflake Advanced
INFO:root:invoking course details method
INFO:root:-------Inside course details method----------
INFO:root:Inside second except block in course_details method, refer error message below: 
 'NoneType' object is not subscriptable
INFO:root:course Info retreived
INFO:root:Connected to mongo DB
INFO:root:Disconnected from mongo DB
INFO:root:returning course details to app.py file
ERROR:app:Exception on /course [GET]
Traceback (most recent call last):
  File "/config/.local/lib/python3.8/site-packages/pdfkit/configuration.py", line 35, in __init__
    with open(self.wkhtmltopdf) as f:
FileNotFoundError: [Errno 2] No such file or directory: b''

During handling of the above exception, another exception occurred:

Traceback (most recent call last):
  File "/config/.local/lib/python3.8/site-packages/flask/app.py", line 2525, in wsgi_app
    response = self.full_dispatch_request()
  File "/config/.local/lib/python3.8/site-packages/flask/app.py", line 1822, in full_dispatch_request
    rv = self.handle_user_exception(e)
  File "/config/.local/lib/python3.8/site-packages/flask/app.py", line 1820, in full_dispatch_request
    rv = self.dispatch_request()
  File "/config/.local/lib/python3.8/site-packages/flask/app.py", line 1796, in dispatch_request
    return self.ensure_sync(self.view_functions[rule.endpoint])(**view_args)
  File "app.py", line 49, in fetchCourse
    pdf = pdfkit.from_string(out, options=options, verbose=True)
  File "/config/.local/lib/python3.8/site-packages/pdfkit/api.py", line 72, in from_string
    r = PDFKit(input, 'string', options=options, toc=toc, cover=cover, css=css,
  File "/config/.local/lib/python3.8/site-packages/pdfkit/pdfkit.py", line 45, in __init__
    self.configuration = (Configuration() if configuration is None
  File "/config/.local/lib/python3.8/site-packages/pdfkit/configuration.py", line 38, in __init__
    raise IOError('No wkhtmltopdf executable found: "%s"\n'
OSError: No wkhtmltopdf executable found: "b''"
If this file exists please check that this process can read it or you can pass path to it manually in method call, check README. Otherwise please install wkhtmltopdf - https://github.com/JazzCore/python-pdfkit/wiki/Installing-wkhtmltopdf
INFO:werkzeug:172.18.0.2 - - [15/Feb/2023 13:03:47] "[35m[1mGET /course?coursename=Snowflake%20Advanced HTTP/1.1[0m" 500 -
INFO:werkzeug:[31m[1mWARNING: This is a development server. Do not use it in a production deployment. Use a production WSGI server instead.[0m
 * Running on all addresses (0.0.0.0)
 * Running on http://127.0.0.1:5003
 * Running on http://172.18.0.43:5003
INFO:werkzeug:[33mPress CTRL+C to quit[0m
INFO:root:-------Inside scrap one course method----------
INFO:root:Fetching course ---> Snowflake Advanced
INFO:root:invoking course details method
INFO:root:-------Inside course details method----------
INFO:root:Inside second except block in course_details method, refer error message below: 
 'NoneType' object is not subscriptable
INFO:root:course Info retreived
INFO:root:Connected to mongo DB
INFO:root:Disconnected from mongo DB
INFO:root:returning course details to app.py file
ERROR:app:Exception on /course [GET]
Traceback (most recent call last):
  File "/config/.local/lib/python3.8/site-packages/pdfkit/configuration.py", line 35, in __init__
    with open(self.wkhtmltopdf) as f:
FileNotFoundError: [Errno 2] No such file or directory: b''

During handling of the above exception, another exception occurred:

Traceback (most recent call last):
  File "/config/.local/lib/python3.8/site-packages/flask/app.py", line 2525, in wsgi_app
    response = self.full_dispatch_request()
  File "/config/.local/lib/python3.8/site-packages/flask/app.py", line 1822, in full_dispatch_request
    rv = self.handle_user_exception(e)
  File "/config/.local/lib/python3.8/site-packages/flask/app.py", line 1820, in full_dispatch_request
    rv = self.dispatch_request()
  File "/config/.local/lib/python3.8/site-packages/flask/app.py", line 1796, in dispatch_request
    return self.ensure_sync(self.view_functions[rule.endpoint])(**view_args)
  File "app.py", line 49, in fetchCourse
    pdf = pdfkit.from_string(out, options=options, verbose=True)
  File "/config/.local/lib/python3.8/site-packages/pdfkit/api.py", line 72, in from_string
    r = PDFKit(input, 'string', options=options, toc=toc, cover=cover, css=css,
  File "/config/.local/lib/python3.8/site-packages/pdfkit/pdfkit.py", line 45, in __init__
    self.configuration = (Configuration() if configuration is None
  File "/config/.local/lib/python3.8/site-packages/pdfkit/configuration.py", line 38, in __init__
    raise IOError('No wkhtmltopdf executable found: "%s"\n'
OSError: No wkhtmltopdf executable found: "b''"
If this file exists please check that this process can read it or you can pass path to it manually in method call, check README. Otherwise please install wkhtmltopdf - https://github.com/JazzCore/python-pdfkit/wiki/Installing-wkhtmltopdf
INFO:werkzeug:172.18.0.2 - - [15/Feb/2023 13:07:48] "[35m[1mGET /course?coursename=Snowflake%20Advanced HTTP/1.1[0m" 500 -
INFO:werkzeug:[31m[1mWARNING: This is a development server. Do not use it in a production deployment. Use a production WSGI server instead.[0m
 * Running on all addresses (0.0.0.0)
 * Running on http://127.0.0.1:5003
 * Running on http://172.18.0.43:5003
INFO:werkzeug:[33mPress CTRL+C to quit[0m
INFO:root:-------Inside scrap one course method----------
INFO:root:Fetching course ---> Snowflake Advanced
INFO:root:invoking course details method
INFO:root:-------Inside course details method----------
INFO:root:Inside second except block in course_details method, refer error message below: 
 'NoneType' object is not subscriptable
INFO:root:course Info retreived
INFO:root:Connected to mongo DB
INFO:root:Disconnected from mongo DB
INFO:root:returning course details to app.py file
ERROR:app:Exception on /course [GET]
Traceback (most recent call last):
  File "/config/.local/lib/python3.8/site-packages/pdfkit/configuration.py", line 35, in __init__
    with open(self.wkhtmltopdf) as f:
FileNotFoundError: [Errno 2] No such file or directory: '/opt/bin/wkhtmltopdf'

During handling of the above exception, another exception occurred:

Traceback (most recent call last):
  File "/config/.local/lib/python3.8/site-packages/flask/app.py", line 2525, in wsgi_app
    response = self.full_dispatch_request()
  File "/config/.local/lib/python3.8/site-packages/flask/app.py", line 1822, in full_dispatch_request
    rv = self.handle_user_exception(e)
  File "/config/.local/lib/python3.8/site-packages/flask/app.py", line 1820, in full_dispatch_request
    rv = self.dispatch_request()
  File "/config/.local/lib/python3.8/site-packages/flask/app.py", line 1796, in dispatch_request
    return self.ensure_sync(self.view_functions[rule.endpoint])(**view_args)
  File "app.py", line 49, in fetchCourse
    config = pdfkit.configuration(wkhtmltopdf='/opt/bin/wkhtmltopdf')
  File "/config/.local/lib/python3.8/site-packages/pdfkit/api.py", line 86, in configuration
    return Configuration(**kwargs)
  File "/config/.local/lib/python3.8/site-packages/pdfkit/configuration.py", line 38, in __init__
    raise IOError('No wkhtmltopdf executable found: "%s"\n'
OSError: No wkhtmltopdf executable found: "/opt/bin/wkhtmltopdf"
If this file exists please check that this process can read it or you can pass path to it manually in method call, check README. Otherwise please install wkhtmltopdf - https://github.com/JazzCore/python-pdfkit/wiki/Installing-wkhtmltopdf
INFO:werkzeug:172.18.0.2 - - [15/Feb/2023 13:10:27] "[35m[1mGET /course?coursename=Snowflake%20Advanced HTTP/1.1[0m" 500 -
INFO:werkzeug:[31m[1mWARNING: This is a development server. Do not use it in a production deployment. Use a production WSGI server instead.[0m
 * Running on all addresses (0.0.0.0)
 * Running on http://127.0.0.1:5003
 * Running on http://172.18.0.43:5003
INFO:werkzeug:[33mPress CTRL+C to quit[0m
INFO:root:-------Inside scrap one course method----------
INFO:root:Fetching course ---> Snowflake Advanced
INFO:root:invoking course details method
INFO:root:-------Inside course details method----------
INFO:root:Inside second except block in course_details method, refer error message below: 
 'NoneType' object is not subscriptable
INFO:root:course Info retreived
INFO:root:Connected to mongo DB
INFO:root:Disconnected from mongo DB
INFO:root:returning course details to app.py file
ERROR:app:Exception on /course [GET]
Traceback (most recent call last):
  File "/config/.local/lib/python3.8/site-packages/pdfkit/configuration.py", line 35, in __init__
    with open(self.wkhtmltopdf) as f:
FileNotFoundError: [Errno 2] No such file or directory: '/opt/bin/wkhtmltopdf'

During handling of the above exception, another exception occurred:

Traceback (most recent call last):
  File "/config/.local/lib/python3.8/site-packages/flask/app.py", line 2525, in wsgi_app
    response = self.full_dispatch_request()
  File "/config/.local/lib/python3.8/site-packages/flask/app.py", line 1822, in full_dispatch_request
    rv = self.handle_user_exception(e)
  File "/config/.local/lib/python3.8/site-packages/flask/app.py", line 1820, in full_dispatch_request
    rv = self.dispatch_request()
  File "/config/.local/lib/python3.8/site-packages/flask/app.py", line 1796, in dispatch_request
    return self.ensure_sync(self.view_functions[rule.endpoint])(**view_args)
  File "app.py", line 49, in fetchCourse
    config = pdfkit.configuration(wkhtmltopdf='/opt/bin/wkhtmltopdf')
  File "/config/.local/lib/python3.8/site-packages/pdfkit/api.py", line 86, in configuration
    return Configuration(**kwargs)
  File "/config/.local/lib/python3.8/site-packages/pdfkit/configuration.py", line 38, in __init__
    raise IOError('No wkhtmltopdf executable found: "%s"\n'
OSError: No wkhtmltopdf executable found: "/opt/bin/wkhtmltopdf"
If this file exists please check that this process can read it or you can pass path to it manually in method call, check README. Otherwise please install wkhtmltopdf - https://github.com/JazzCore/python-pdfkit/wiki/Installing-wkhtmltopdf
INFO:werkzeug:172.18.0.2 - - [15/Feb/2023 13:12:42] "[35m[1mGET /course?coursename=Snowflake%20Advanced HTTP/1.1[0m" 500 -
